# JRE version: OpenJDK Runtime Environment Temurin-21.0.12.1+1 (21.0.12.1+1) (build 21.0.12.1+1-LTS)
# Java VM: OpenJDK 64-Bit Server VM Temurin-21.0.12.1+1 (21.0.12.1+1-LTS, mixed mode, sharing, tiered, compressed oops, compressed class ptrs, parallel gc, windows-amd64)
GC Precious Log:
 CardTable entry size: 512
 CPUs: 8 total, 8 available
 Memory: 7998M
 Large Page Support: Disabled
 NUMA Support: Disabled
 Compressed Oops: Enabled (32-bit)
 Alignments: Space 512K, Generation 512K, Heap 2M
 Heap Min Capacity: 100M
 Heap Initial Capacity: 100M
 Heap Max Capacity: 2G
 Pre-touch: Disabled
 Parallel Workers: 8
Heap:
 PSYoungGen      total 6656K, used 5315K [0x00000000d5580000, 0x00000000d5d00000, 0x0000000100000000)
  eden space 5632K, 79% used [0x00000000d5580000,0x00000000d59d8da0,0x00000000d5b00000)
  from space 1024K, 84% used [0x00000000d5c00000,0x00000000d5cd8000,0x00000000d5d00000)
  to   space 1024K, 0% used [0x00000000d5b00000,0x00000000d5b00000,0x00000000d5c00000)
 ParOldGen       total 689664K, used 689602K [0x0000000080000000, 0x00000000aa180000, 0x00000000d5580000)
  object space 689664K, 99% used [0x0000000080000000,0x00000000aa1709c8,0x00000000aa180000)
 Metaspace       used 87943K, committed 89792K, reserved 1179648K
  class space    used 9184K, committed 9984K, reserved 1048576K
GC Heap History (20 events):
Event: 649.934 GC heap before
{Heap before GC invocations=1281 (full 4):
 PSYoungGen      total 4608K, used 4271K [0x00000000d5580000, 0x00000000d5c00000, 0x0000000100000000)
  eden space 2560K, 90% used [0x00000000d5580000,0x00000000d57c3c58,0x00000000d5800000)
  from space 2048K, 95% used [0x00000000d5a00000,0x00000000d5be8000,0x00000000d5c00000)
  to   space 2048K, 0% used [0x00000000d5800000,0x00000000d5800000,0x00000000d5a00000)
 ParOldGen       total 678400K, used 677999K [0x0000000080000000, 0x00000000a9680000, 0x00000000d5580000)
  object space 678400K, 99% used [0x0000000080000000,0x00000000a961bc08,0x00000000a9680000)
 Metaspace       used 87926K, committed 89728K, reserved 1179648K
  class space    used 9183K, committed 9984K, reserved 1048576K
}
Event: 649.938 GC heap after
{Heap after GC invocations=1281 (full 4):
 PSYoungGen      total 4608K, used 1952K [0x00000000d5580000, 0x00000000d5c80000, 0x0000000100000000)
  eden space 2560K, 0% used [0x00000000d5580000,0x00000000d5580000,0x00000000d5800000)
  from space 2048K, 95% used [0x00000000d5800000,0x00000000d59e8000,0x00000000d5a00000)
  to   space 2048K, 0% used [0x00000000d5a80000,0x00000000d5a80000,0x00000000d5c80000)
 ParOldGen       total 679936K, used 679863K [0x0000000080000000, 0x00000000a9800000, 0x00000000d5580000)
  object space 679936K, 99% used [0x0000000080000000,0x00000000a97edc08,0x00000000a9800000)
 Metaspace       used 87926K, committed 89728K, reserved 1179648K
  class space    used 9183K, committed 9984K, reserved 1048576K
}
Event: 650.449 GC heap before
{Heap before GC invocations=1282 (full 4):
 PSYoungGen      total 4608K, used 4511K [0x00000000d5580000, 0x00000000d5c80000, 0x0000000100000000)
  eden space 2560K, 99% used [0x00000000d5580000,0x00000000d57ffff8,0x00000000d5800000)
  from space 2048K, 95% used [0x00000000d5800000,0x00000000d59e8000,0x00000000d5a00000)
  to   space 2048K, 0% used [0x00000000d5a80000,0x00000000d5a80000,0x00000000d5c80000)
 ParOldGen       total 679936K, used 679863K [0x0000000080000000, 0x00000000a9800000, 0x00000000d5580000)
  object space 679936K, 99% used [0x0000000080000000,0x00000000a97edc08,0x00000000a9800000)
 Metaspace       used 87932K, committed 89728K, reserved 1179648K
  class space    used 9183K, committed 9984K, reserved 1048576K
}
Event: 650.453 GC heap after
{Heap after GC invocations=1282 (full 4):
 PSYoungGen      total 5120K, used 1530K [0x00000000d5580000, 0x00000000d5c80000, 0x0000000100000000)
  eden space 3072K, 0% used [0x00000000d5580000,0x00000000d5580000,0x00000000d5880000)
  from space 2048K, 74% used [0x00000000d5a80000,0x00000000d5bfe900,0x00000000d5c80000)
  to   space 2048K, 0% used [0x00000000d5880000,0x00000000d5880000,0x00000000d5a80000)
 ParOldGen       total 681472K, used 681271K [0x0000000080000000, 0x00000000a9980000, 0x00000000d5580000)
  object space 681472K, 99% used [0x0000000080000000,0x00000000a994dc08,0x00000000a9980000)
 Metaspace       used 87932K, committed 89728K, reserved 1179648K
  class space    used 9183K, committed 9984K, reserved 1048576K
}
Event: 650.472 GC heap before
{Heap before GC invocations=1283 (full 4):
 PSYoungGen      total 5120K, used 4602K [0x00000000d5580000, 0x00000000d5c80000, 0x0000000100000000)
  eden space 3072K, 100% used [0x00000000d5580000,0x00000000d5880000,0x00000000d5880000)
  from space 2048K, 74% used [0x00000000d5a80000,0x00000000d5bfe900,0x00000000d5c80000)
  to   space 2048K, 0% used [0x00000000d5880000,0x00000000d5880000,0x00000000d5a80000)
 ParOldGen       total 681472K, used 681271K [0x0000000080000000, 0x00000000a9980000, 0x00000000d5580000)
  object space 681472K, 99% used [0x0000000080000000,0x00000000a994dc08,0x00000000a9980000)
 Metaspace       used 87933K, committed 89728K, reserved 1179648K
  class space    used 9183K, committed 9984K, reserved 1048576K
}
Event: 650.477 GC heap after
{Heap after GC invocations=1283 (full 4):
 PSYoungGen      total 5120K, used 704K [0x00000000d5580000, 0x00000000d5c80000, 0x0000000100000000)
  eden space 3072K, 0% used [0x00000000d5580000,0x00000000d5580000,0x00000000d5880000)
  from space 2048K, 34% used [0x00000000d5880000,0x00000000d5930000,0x00000000d5a80000)
  to   space 1536K, 0% used [0x00000000d5b00000,0x00000000d5b00000,0x00000000d5c80000)
 ParOldGen       total 683008K, used 682771K [0x0000000080000000, 0x00000000a9b00000, 0x00000000d5580000)
  object space 683008K, 99% used [0x0000000080000000,0x00000000a9ac4e18,0x00000000a9b00000)
 Metaspace       used 87933K, committed 89728K, reserved 1179648K
  class space    used 9183K, committed 9984K, reserved 1048576K
}
Event: 650.486 GC heap before
{Heap before GC invocations=1284 (full 4):
 PSYoungGen      total 5120K, used 3775K [0x00000000d5580000, 0x00000000d5c80000, 0x0000000100000000)
  eden space 3072K, 99% used [0x00000000d5580000,0x00000000d587fff8,0x00000000d5880000)
  from space 2048K, 34% used [0x00000000d5880000,0x00000000d5930000,0x00000000d5a80000)
  to   space 1536K, 0% used [0x00000000d5b00000,0x00000000d5b00000,0x00000000d5c80000)
 ParOldGen       total 683008K, used 682771K [0x0000000080000000, 0x00000000a9b00000, 0x00000000d5580000)
  object space 683008K, 99% used [0x0000000080000000,0x00000000a9ac4e18,0x00000000a9b00000)
 Metaspace       used 87933K, committed 89728K, reserved 1179648K
  class space    used 9183K, committed 9984K, reserved 1048576K
}
Event: 650.489 GC heap after
{Heap after GC invocations=1284 (full 4):
 PSYoungGen      total 4096K, used 1516K [0x00000000d5580000, 0x00000000d5f80000, 0x0000000100000000)
  eden space 2560K, 0% used [0x00000000d5580000,0x00000000d5580000,0x00000000d5800000)
  from space 1536K, 98% used [0x00000000d5b00000,0x00000000d5c7b110,0x00000000d5c80000)
  to   space 3072K, 0% used [0x00000000d5800000,0x00000000d5800000,0x00000000d5b00000)
 ParOldGen       total 684032K, used 683691K [0x0000000080000000, 0x00000000a9c00000, 0x00000000d5580000)
  object space 684032K, 99% used [0x0000000080000000,0x00000000a9baae18,0x00000000a9c00000)
 Metaspace       used 87933K, committed 89728K, reserved 1179648K
  class space    used 9183K, committed 9984K, reserved 1048576K
}
Event: 650.492 GC heap before
{Heap before GC invocations=1285 (full 4):
 PSYoungGen      total 4096K, used 4076K [0x00000000d5580000, 0x00000000d5f80000, 0x0000000100000000)
  eden space 2560K, 100% used [0x00000000d5580000,0x00000000d5800000,0x00000000d5800000)
  from space 1536K, 98% used [0x00000000d5b00000,0x00000000d5c7b110,0x00000000d5c80000)
  to   space 3072K, 0% used [0x00000000d5800000,0x00000000d5800000,0x00000000d5b00000)
 ParOldGen       total 684032K, used 683691K [0x0000000080000000, 0x00000000a9c00000, 0x00000000d5580000)
  object space 684032K, 99% used [0x0000000080000000,0x00000000a9baae18,0x00000000a9c00000)
 Metaspace       used 87933K, committed 89728K, reserved 1179648K
  class space    used 9183K, committed 9984K, reserved 1048576K
}
Event: 650.495 GC heap after
{Heap after GC invocations=1285 (full 4):
 PSYoungGen      total 4096K, used 1161K [0x00000000d5580000, 0x00000000d5c80000, 0x0000000100000000)
  eden space 2560K, 0% used [0x00000000d5580000,0x00000000d5580000,0x00000000d5800000)
  from space 1536K, 75% used [0x00000000d5800000,0x00000000d5922400,0x00000000d5980000)
  to   space 2048K, 0% used [0x00000000d5a80000,0x00000000d5a80000,0x00000000d5c80000)
 ParOldGen       total 685568K, used 685239K [0x0000000080000000, 0x00000000a9d80000, 0x00000000d5580000)
  object space 685568K, 99% used [0x0000000080000000,0x00000000a9d2df28,0x00000000a9d80000)
 Metaspace       used 87933K, committed 89728K, reserved 1179648K
  class space    used 9183K, committed 9984K, reserved 1048576K
}
Event: 650.501 GC heap before
{Heap before GC invocations=1286 (full 4):
 PSYoungGen      total 4096K, used 3721K [0x00000000d5580000, 0x00000000d5c80000, 0x0000000100000000)
  eden space 2560K, 100% used [0x00000000d5580000,0x00000000d5800000,0x00000000d5800000)
  from space 1536K, 75% used [0x00000000d5800000,0x00000000d5922400,0x00000000d5980000)
  to   space 2048K, 0% used [0x00000000d5a80000,0x00000000d5a80000,0x00000000d5c80000)
 ParOldGen       total 685568K, used 685239K [0x0000000080000000, 0x00000000a9d80000, 0x00000000d5580000)
  object space 685568K, 99% used [0x0000000080000000,0x00000000a9d2df28,0x00000000a9d80000)
 Metaspace       used 87933K, committed 89728K, reserved 1179648K
  class space    used 9183K, committed 9984K, reserved 1048576K
}
Event: 650.503 GC heap after
{Heap after GC invocations=1286 (full 4):
 PSYoungGen      total 4096K, used 704K [0x00000000d5580000, 0x00000000d5b80000, 0x0000000100000000)
  eden space 3072K, 0% used [0x00000000d5580000,0x00000000d5580000,0x00000000d5880000)
  from space 1024K, 68% used [0x00000000d5a80000,0x00000000d5b30000,0x00000000d5b80000)
  to   space 1024K, 0% used [0x00000000d5980000,0x00000000d5980000,0x00000000d5a80000)
 ParOldGen       total 686592K, used 686312K [0x0000000080000000, 0x00000000a9e80000, 0x00000000d5580000)
  object space 686592K, 99% used [0x0000000080000000,0x00000000a9e3a328,0x00000000a9e80000)
 Metaspace       used 87933K, committed 89728K, reserved 1179648K
  class space    used 9183K, committed 9984K, reserved 1048576K
}
Event: 650.509 GC heap before
{Heap before GC invocations=1287 (full 4):
 PSYoungGen      total 4096K, used 3776K [0x00000000d5580000, 0x00000000d5b80000, 0x0000000100000000)
  eden space 3072K, 100% used [0x00000000d5580000,0x00000000d5880000,0x00000000d5880000)
  from space 1024K, 68% used [0x00000000d5a80000,0x00000000d5b30000,0x00000000d5b80000)
  to   space 1024K, 0% used [0x00000000d5980000,0x00000000d5980000,0x00000000d5a80000)
 ParOldGen       total 686592K, used 686312K [0x0000000080000000, 0x00000000a9e80000, 0x00000000d5580000)
  object space 686592K, 99% used [0x0000000080000000,0x00000000a9e3a328,0x00000000a9e80000)
 Metaspace       used 87933K, committed 89728K, reserved 1179648K
  class space    used 9183K, committed 9984K, reserved 1048576K
}
Event: 650.513 GC heap after
{Heap after GC invocations=1287 (full 4):
 PSYoungGen      total 5120K, used 1012K [0x00000000d5580000, 0x00000000d5d80000, 0x0000000100000000)
  eden space 4096K, 0% used [0x00000000d5580000,0x00000000d5580000,0x00000000d5980000)
  from space 1024K, 98% used [0x00000000d5980000,0x00000000d5a7d200,0x00000000d5a80000)
  to   space 2048K, 0% used [0x00000000d5b80000,0x00000000d5b80000,0x00000000d5d80000)
 ParOldGen       total 687104K, used 687014K [0x0000000080000000, 0x00000000a9f00000, 0x00000000d5580000)
  object space 687104K, 99% used [0x0000000080000000,0x00000000a9ee99c8,0x00000000a9f00000)
 Metaspace       used 87933K, committed 89728K, reserved 1179648K
  class space    used 9183K, committed 9984K, reserved 1048576K
}
Event: 650.520 GC heap before
{Heap before GC invocations=1288 (full 4):
 PSYoungGen      total 5120K, used 5108K [0x00000000d5580000, 0x00000000d5d80000, 0x0000000100000000)
  eden space 4096K, 99% used [0x00000000d5580000,0x00000000d597ffd8,0x00000000d5980000)
  from space 1024K, 98% used [0x00000000d5980000,0x00000000d5a7d200,0x00000000d5a80000)
  to   space 2048K, 0% used [0x00000000d5b80000,0x00000000d5b80000,0x00000000d5d80000)
 ParOldGen       total 687104K, used 687014K [0x0000000080000000, 0x00000000a9f00000, 0x00000000d5580000)
  object space 687104K, 99% used [0x0000000080000000,0x00000000a9ee99c8,0x00000000a9f00000)
 Metaspace       used 87933K, committed 89728K, reserved 1179648K
  class space    used 9183K, committed 9984K, reserved 1048576K
}
Event: 650.523 GC heap after
{Heap after GC invocations=1288 (full 4):
 PSYoungGen      total 6656K, used 1430K [0x00000000d5580000, 0x00000000d5d80000, 0x0000000100000000)
  eden space 4608K, 0% used [0x00000000d5580000,0x00000000d5580000,0x00000000d5a00000)
  from space 2048K, 69% used [0x00000000d5b80000,0x00000000d5ce5800,0x00000000d5d80000)
  to   space 1536K, 0% used [0x00000000d5a00000,0x00000000d5a00000,0x00000000d5b80000)
 ParOldGen       total 688128K, used 687990K [0x0000000080000000, 0x00000000aa000000, 0x00000000d5580000)
  object space 688128K, 99% used [0x0000000080000000,0x00000000a9fdd9c8,0x00000000aa000000)
 Metaspace       used 87933K, committed 89728K, reserved 1179648K
  class space    used 9183K, committed 9984K, reserved 1048576K
}
Event: 650.544 GC heap before
{Heap before GC invocations=1289 (full 4):
 PSYoungGen      total 6656K, used 6038K [0x00000000d5580000, 0x00000000d5d80000, 0x0000000100000000)
  eden space 4608K, 100% used [0x00000000d5580000,0x00000000d5a00000,0x00000000d5a00000)
  from space 2048K, 69% used [0x00000000d5b80000,0x00000000d5ce5800,0x00000000d5d80000)
  to   space 1536K, 0% used [0x00000000d5a00000,0x00000000d5a00000,0x00000000d5b80000)
 ParOldGen       total 688128K, used 687990K [0x0000000080000000, 0x00000000aa000000, 0x00000000d5580000)
  object space 688128K, 99% used [0x0000000080000000,0x00000000a9fdd9c8,0x00000000aa000000)
 Metaspace       used 87933K, committed 89728K, reserved 1179648K
  class space    used 9183K, committed 9984K, reserved 1048576K
}
Event: 650.547 GC heap after
{Heap after GC invocations=1289 (full 4):
 PSYoungGen      total 6144K, used 638K [0x00000000d5580000, 0x00000000d5d00000, 0x0000000100000000)
  eden space 4608K, 0% used [0x00000000d5580000,0x00000000d5580000,0x00000000d5a00000)
  from space 1536K, 41% used [0x00000000d5a00000,0x00000000d5a9fbc0,0x00000000d5b80000)
  to   space 1024K, 0% used [0x00000000d5c00000,0x00000000d5c00000,0x00000000d5d00000)
 ParOldGen       total 689152K, used 689130K [0x0000000080000000, 0x00000000aa100000, 0x00000000d5580000)
  object space 689152K, 99% used [0x0000000080000000,0x00000000aa0fa9c8,0x00000000aa100000)
 Metaspace       used 87933K, committed 89728K, reserved 1179648K
  class space    used 9183K, committed 9984K, reserved 1048576K
}
Event: 650.708 GC heap before
{Heap before GC invocations=1290 (full 4):
 PSYoungGen      total 6144K, used 5246K [0x00000000d5580000, 0x00000000d5d00000, 0x0000000100000000)
  eden space 4608K, 100% used [0x00000000d5580000,0x00000000d5a00000,0x00000000d5a00000)
  from space 1536K, 41% used [0x00000000d5a00000,0x00000000d5a9fbc0,0x00000000d5b80000)
  to   space 1024K, 0% used [0x00000000d5c00000,0x00000000d5c00000,0x00000000d5d00000)
 ParOldGen       total 689152K, used 689130K [0x0000000080000000, 0x00000000aa100000, 0x00000000d5580000)
  object space 689152K, 99% used [0x0000000080000000,0x00000000aa0fa9c8,0x00000000aa100000)
 Metaspace       used 87937K, committed 89728K, reserved 1179648K
  class space    used 9184K, committed 9984K, reserved 1048576K
}
Event: 650.712 GC heap after
{Heap after GC invocations=1290 (full 4):
 PSYoungGen      total 6656K, used 864K [0x00000000d5580000, 0x00000000d5d00000, 0x0000000100000000)
  eden space 5632K, 0% used [0x00000000d5580000,0x00000000d5580000,0x00000000d5b00000)
  from space 1024K, 84% used [0x00000000d5c00000,0x00000000d5cd8000,0x00000000d5d00000)
  to   space 1024K, 0% used [0x00000000d5b00000,0x00000000d5b00000,0x00000000d5c00000)
 ParOldGen       total 689664K, used 689602K [0x0000000080000000, 0x00000000aa180000, 0x00000000d5580000)
  object space 689664K, 99% used [0x0000000080000000,0x00000000aa1709c8,0x00000000aa180000)
 Metaspace       used 87937K, committed 89728K, reserved 1179648K
  class space    used 9184K, committed 9984K, reserved 1048576K
}

