# JRE version: Java(TM) SE Runtime Environment (26.0.1+8) (build 26.0.1+8-34)
# Java VM: Java HotSpot(TM) 64-Bit Server VM (26.0.1+8-34, mixed mode, sharing, tiered, compressed oops, compressed class ptrs, g1 gc, windows-amd64)
GC Precious Log:
 CardTable entry size: 512
 Card Set container configuration: InlinePtr #cards 5 size 8 Array Of Cards #cards 10 size 36 Howl #buckets 4 coarsen threshold 1843 Howl Bitmap #cards 512 size 80 coarsen threshold 460 Card regions per heap region 1 cards per card region 2048
 CPUs: 8 total, 8 available
 Memory: 7998M
 Large Page Support: Disabled
 NUMA Support: Disabled
 Compressed Oops: Enabled (32-bit)
 Heap Region Size: 1M
 Heap Min Capacity: 8M
 Heap Initial Capacity: 8M
 Heap Max Capacity: 2000M
 Pre-touch: Disabled
 Parallel Workers: 8
 Concurrent Workers: 2
 Concurrent Refinement Workers: 8
 Periodic GC: Disabled
Heap:
 garbage-first heap   total reserved 2048000K, committed 29696K, used 13312K [0x0000000083000000, 0x0000000100000000)
  region size 1M, 0 eden (0M), 2 survivor (2M), 11 old (11M), 0 humongous (0M), 16 free (16M)
GC Heap Usage History (20 events):
Event: 0.320 {heap After GC invocations=2 (full 0):
 garbage-first heap   total reserved 2048000K, committed 10240K, used 3123K [0x0000000083000000, 0x0000000100000000)
  region size 1M, 0 eden (0M), 1 survivor (1M), 4 old (4M), 0 humongous (0M), 5 free (5M)
}
Event: 0.397 {heap Before GC invocations=2 (full 0):
 garbage-first heap   total reserved 2048000K, committed 10240K, used 4147K [0x0000000083000000, 0x0000000100000000)
  region size 1M, 2 eden (2M), 1 survivor (1M), 4 old (4M), 0 humongous (0M), 3 free (3M)
}
Event: 0.398 {heap After GC invocations=3 (full 0):
 garbage-first heap   total reserved 2048000K, committed 10240K, used 3272K [0x0000000083000000, 0x0000000100000000)
  region size 1M, 0 eden (0M), 1 survivor (1M), 4 old (4M), 0 humongous (0M), 5 free (5M)
}
Event: 0.466 {heap Before GC invocations=4 (full 0):
 garbage-first heap   total reserved 2048000K, committed 10240K, used 5320K [0x0000000083000000, 0x0000000100000000)
  region size 1M, 2 eden (2M), 1 survivor (1M), 4 old (4M), 0 humongous (0M), 3 free (3M)
}
Event: 0.469 {heap After GC invocations=5 (full 0):
 garbage-first heap   total reserved 2048000K, committed 10240K, used 4048K [0x0000000083000000, 0x0000000100000000)
  region size 1M, 0 eden (0M), 1 survivor (1M), 4 old (4M), 0 humongous (0M), 5 free (5M)
}
Event: 0.535 {heap Before GC invocations=5 (full 0):
 garbage-first heap   total reserved 2048000K, committed 10240K, used 6096K [0x0000000083000000, 0x0000000100000000)
  region size 1M, 2 eden (2M), 1 survivor (1M), 4 old (4M), 0 humongous (0M), 3 free (3M)
}
Event: 0.538 {heap After GC invocations=6 (full 0):
 garbage-first heap   total reserved 2048000K, committed 29696K, used 4253K [0x0000000083000000, 0x0000000100000000)
  region size 1M, 0 eden (0M), 1 survivor (1M), 4 old (4M), 0 humongous (0M), 24 free (24M)
}
Event: 0.840 {heap Before GC invocations=6 (full 0):
 garbage-first heap   total reserved 2048000K, committed 29696K, used 17565K [0x0000000083000000, 0x0000000100000000)
  region size 1M, 13 eden (13M), 1 survivor (1M), 4 old (4M), 0 humongous (0M), 11 free (11M)
}
Event: 0.843 {heap After GC invocations=7 (full 0):
 garbage-first heap   total reserved 2048000K, committed 29696K, used 4796K [0x0000000083000000, 0x0000000100000000)
  region size 1M, 0 eden (0M), 1 survivor (1M), 4 old (4M), 0 humongous (0M), 24 free (24M)
}
Event: 1.125 {heap Before GC invocations=7 (full 0):
 garbage-first heap   total reserved 2048000K, committed 29696K, used 17084K [0x0000000083000000, 0x0000000100000000)
  region size 1M, 12 eden (12M), 1 survivor (1M), 4 old (4M), 0 humongous (0M), 12 free (12M)
}
Event: 1.128 {heap After GC invocations=8 (full 0):
 garbage-first heap   total reserved 2048000K, committed 29696K, used 5164K [0x0000000083000000, 0x0000000100000000)
  region size 1M, 0 eden (0M), 2 survivor (2M), 4 old (4M), 0 humongous (0M), 23 free (23M)
}
Event: 1.498 {heap Before GC invocations=8 (full 0):
 garbage-first heap   total reserved 2048000K, committed 29696K, used 19500K [0x0000000083000000, 0x0000000100000000)
  region size 1M, 14 eden (14M), 2 survivor (2M), 4 old (4M), 0 humongous (0M), 9 free (9M)
}
Event: 1.503 {heap After GC invocations=9 (full 0):
 garbage-first heap   total reserved 2048000K, committed 29696K, used 6134K [0x0000000083000000, 0x0000000100000000)
  region size 1M, 0 eden (0M), 2 survivor (2M), 4 old (4M), 0 humongous (0M), 23 free (23M)
}
Event: 1.899 {heap Before GC invocations=9 (full 0):
 garbage-first heap   total reserved 2048000K, committed 29696K, used 21494K [0x0000000083000000, 0x0000000100000000)
  region size 1M, 15 eden (15M), 2 survivor (2M), 4 old (4M), 0 humongous (0M), 8 free (8M)
}
Event: 1.905 {heap After GC invocations=10 (full 0):
 garbage-first heap   total reserved 2048000K, committed 29696K, used 7570K [0x0000000083000000, 0x0000000100000000)
  region size 1M, 0 eden (0M), 3 survivor (3M), 5 old (5M), 0 humongous (0M), 21 free (21M)
}
Event: 2.425 {heap Before GC invocations=10 (full 0):
 garbage-first heap   total reserved 2048000K, committed 29696K, used 20882K [0x0000000083000000, 0x0000000100000000)
  region size 1M, 14 eden (14M), 3 survivor (3M), 5 old (5M), 0 humongous (0M), 7 free (7M)
}
Event: 2.435 {heap After GC invocations=11 (full 0):
 garbage-first heap   total reserved 2048000K, committed 29696K, used 9371K [0x0000000083000000, 0x0000000100000000)
  region size 1M, 0 eden (0M), 3 survivor (3M), 7 old (7M), 0 humongous (0M), 19 free (19M)
}
Event: 2.706 {heap Before GC invocations=11 (full 0):
 garbage-first heap   total reserved 2048000K, committed 29696K, used 22683K [0x0000000083000000, 0x0000000100000000)
  region size 1M, 13 eden (13M), 3 survivor (3M), 7 old (7M), 0 humongous (0M), 6 free (6M)
}
Event: 2.716 {heap After GC invocations=12 (full 0):
 garbage-first heap   total reserved 2048000K, committed 29696K, used 11606K [0x0000000083000000, 0x0000000100000000)
  region size 1M, 0 eden (0M), 2 survivor (2M), 10 old (10M), 0 humongous (0M), 17 free (17M)
}
Event: 2.930 {heap Before GC invocations=12 (full 0):
 garbage-first heap   total reserved 2048000K, committed 29696K, used 23894K [0x0000000083000000, 0x0000000100000000)
  region size 1M, 12 eden (12M), 2 survivor (2M), 10 old (10M), 0 humongous (0M), 5 free (5M)
}

