# JRE version: Java(TM) SE Runtime Environment (26.0.1+8) (build 26.0.1+8-34)
# Java VM: Java HotSpot(TM) 64-Bit Server VM (26.0.1+8-34, mixed mode, sharing, tiered, compressed oops, compressed class ptrs, g1 gc, windows-amd64)
GC Precious Log:
 CardTable entry size: 512
 Card Set container configuration: InlinePtr #cards 5 size 8 Array Of Cards #cards 10 size 36 Howl #buckets 4 coarsen threshold 1843 Howl Bitmap #cards 512 size 80 coarsen threshold 460 Card regions per heap region 1 cards per card region 2048
 CPUs: 8 total, 8 available
 Memory: 7998M
 Large Page Support: Disabled
 NUMA Support: Disabled
 Compressed Oops: Enabled (32-bit)
 Heap Region Size: 1M
 Heap Min Capacity: 8M
 Heap Initial Capacity: 8M
 Heap Max Capacity: 2000M
 Pre-touch: Disabled
 Parallel Workers: 8
 Concurrent Workers: 2
 Concurrent Refinement Workers: 8
 Periodic GC: Disabled
Heap:
 garbage-first heap   total reserved 2048000K, committed 51200K, used 25940K [0x0000000083000000, 0x0000000100000000)
  region size 1M, 11 eden (11M), 4 survivor (4M), 13 old (13M), 0 humongous (0M), 22 free (22M)
GC Heap Usage History (20 events):
Event: 0.800 {heap Before GC invocations=4 (full 0):
 garbage-first heap   total reserved 2048000K, committed 20480K, used 13387K [0x0000000083000000, 0x0000000100000000)
  region size 1M, 9 eden (9M), 2 survivor (2M), 4 old (4M), 0 humongous (0M), 5 free (5M)
}
Event: 0.804 {heap After GC invocations=5 (full 0):
 garbage-first heap   total reserved 2048000K, committed 20480K, used 4708K [0x0000000083000000, 0x0000000100000000)
  region size 1M, 0 eden (0M), 1 survivor (1M), 5 old (5M), 0 humongous (0M), 14 free (14M)
}
Event: 1.066 {heap Before GC invocations=5 (full 0):
 garbage-first heap   total reserved 2048000K, committed 20480K, used 13924K [0x0000000083000000, 0x0000000100000000)
  region size 1M, 9 eden (9M), 1 survivor (1M), 5 old (5M), 0 humongous (0M), 5 free (5M)
}
Event: 1.069 {heap After GC invocations=6 (full 0):
 garbage-first heap   total reserved 2048000K, committed 20480K, used 4889K [0x0000000083000000, 0x0000000100000000)
  region size 1M, 0 eden (0M), 1 survivor (1M), 5 old (5M), 0 humongous (0M), 14 free (14M)
}
Event: 1.347 {heap Before GC invocations=6 (full 0):
 garbage-first heap   total reserved 2048000K, committed 20480K, used 14105K [0x0000000083000000, 0x0000000100000000)
  region size 1M, 10 eden (10M), 1 survivor (1M), 5 old (5M), 0 humongous (0M), 4 free (4M)
}
Event: 1.350 {heap After GC invocations=7 (full 0):
 garbage-first heap   total reserved 2048000K, committed 20480K, used 5371K [0x0000000083000000, 0x0000000100000000)
  region size 1M, 0 eden (0M), 2 survivor (2M), 5 old (5M), 0 humongous (0M), 13 free (13M)
}
Event: 1.593 {heap Before GC invocations=7 (full 0):
 garbage-first heap   total reserved 2048000K, committed 20480K, used 15611K [0x0000000083000000, 0x0000000100000000)
  region size 1M, 10 eden (10M), 2 survivor (2M), 5 old (5M), 0 humongous (0M), 3 free (3M)
}
Event: 1.597 {heap After GC invocations=8 (full 0):
 garbage-first heap   total reserved 2048000K, committed 20480K, used 6078K [0x0000000083000000, 0x0000000100000000)
  region size 1M, 0 eden (0M), 2 survivor (2M), 6 old (6M), 0 humongous (0M), 12 free (12M)
}
Event: 1.836 {heap Before GC invocations=8 (full 0):
 garbage-first heap   total reserved 2048000K, committed 20480K, used 15294K [0x0000000083000000, 0x0000000100000000)
  region size 1M, 9 eden (9M), 2 survivor (2M), 6 old (6M), 0 humongous (0M), 3 free (3M)
}
Event: 1.840 {heap After GC invocations=9 (full 0):
 garbage-first heap   total reserved 2048000K, committed 27648K, used 7166K [0x0000000083000000, 0x0000000100000000)
  region size 1M, 0 eden (0M), 2 survivor (2M), 6 old (6M), 0 humongous (0M), 19 free (19M)
}
Event: 2.240 {heap Before GC invocations=9 (full 0):
 garbage-first heap   total reserved 2048000K, committed 27648K, used 20478K [0x0000000083000000, 0x0000000100000000)
  region size 1M, 14 eden (14M), 2 survivor (2M), 6 old (6M), 0 humongous (0M), 5 free (5M)
}
Event: 2.247 {heap After GC invocations=10 (full 0):
 garbage-first heap   total reserved 2048000K, committed 27648K, used 8531K [0x0000000083000000, 0x0000000100000000)
  region size 1M, 0 eden (0M), 2 survivor (2M), 8 old (8M), 0 humongous (0M), 17 free (17M)
}
Event: 2.505 {heap Before GC invocations=10 (full 0):
 garbage-first heap   total reserved 2048000K, committed 27648K, used 20819K [0x0000000083000000, 0x0000000100000000)
  region size 1M, 12 eden (12M), 2 survivor (2M), 8 old (8M), 0 humongous (0M), 5 free (5M)
}
Event: 2.512 {heap After GC invocations=11 (full 0):
 garbage-first heap   total reserved 2048000K, committed 27648K, used 10701K [0x0000000083000000, 0x0000000100000000)
  region size 1M, 0 eden (0M), 2 survivor (2M), 10 old (10M), 0 humongous (0M), 15 free (15M)
}
Event: 2.655 {heap Before GC invocations=11 (full 0):
 garbage-first heap   total reserved 2048000K, committed 27648K, used 21965K [0x0000000083000000, 0x0000000100000000)
  region size 1M, 11 eden (11M), 2 survivor (2M), 10 old (10M), 0 humongous (0M), 4 free (4M)
}
Event: 2.661 {heap After GC invocations=12 (full 0):
 garbage-first heap   total reserved 2048000K, committed 27648K, used 12330K [0x0000000083000000, 0x0000000100000000)
  region size 1M, 0 eden (0M), 2 survivor (2M), 11 old (11M), 0 humongous (0M), 14 free (14M)
}
Event: 2.823 {heap Before GC invocations=12 (full 0):
 garbage-first heap   total reserved 2048000K, committed 27648K, used 22570K [0x0000000083000000, 0x0000000100000000)
  region size 1M, 10 eden (10M), 2 survivor (2M), 11 old (11M), 0 humongous (0M), 4 free (4M)
}
Event: 2.833 {heap After GC invocations=13 (full 0):
 garbage-first heap   total reserved 2048000K, committed 51200K, used 14303K [0x0000000083000000, 0x0000000100000000)
  region size 1M, 0 eden (0M), 2 survivor (2M), 13 old (13M), 0 humongous (0M), 35 free (35M)
}
Event: 3.243 {heap Before GC invocations=13 (full 0):
 garbage-first heap   total reserved 2048000K, committed 51200K, used 38879K [0x0000000083000000, 0x0000000100000000)
  region size 1M, 25 eden (25M), 2 survivor (2M), 13 old (13M), 0 humongous (0M), 10 free (10M)
}
Event: 3.249 {heap After GC invocations=14 (full 0):
 garbage-first heap   total reserved 2048000K, committed 51200K, used 15700K [0x0000000083000000, 0x0000000100000000)
  region size 1M, 0 eden (0M), 4 survivor (4M), 13 old (13M), 0 humongous (0M), 33 free (33M)
}

