# JRE version: Java(TM) SE Runtime Environment (26.0.1+8) (build 26.0.1+8-34)
# Java VM: Java HotSpot(TM) 64-Bit Server VM (26.0.1+8-34, mixed mode, emulated-client, sharing, tiered, compressed oops, compressed class ptrs, g1 gc, windows-amd64)
GC Precious Log:
 CardTable entry size: 512
 Card Set container configuration: InlinePtr #cards 5 size 8 Array Of Cards #cards 10 size 36 Howl #buckets 4 coarsen threshold 1843 Howl Bitmap #cards 512 size 80 coarsen threshold 460 Card regions per heap region 1 cards per card region 2048
 CPUs: 8 total, 8 available
 Memory: 7998M
 Large Page Support: Disabled
 NUMA Support: Disabled
 Compressed Oops: Enabled (32-bit)
 Heap Region Size: 1M
 Heap Min Capacity: 8M
 Heap Initial Capacity: 8M
 Heap Max Capacity: 2000M
 Pre-touch: Disabled
 Parallel Workers: 8
 Concurrent Workers: 2
 Concurrent Refinement Workers: 8
 Periodic GC: Disabled
Heap:
 garbage-first heap   total reserved 2048000K, committed 33792K, used 8851K [0x0000000083000000, 0x0000000100000000)
  region size 1M, 2 eden (2M), 2 survivor (2M), 6 old (6M), 1 humongous (1M), 22 free (22M)
GC Heap Usage History (10 events):
Event: 0.176 {heap Before GC invocations=0 (full 0):
 garbage-first heap   total reserved 2048000K, committed 10240K, used 5283K [0x0000000083000000, 0x0000000100000000)
  region size 1M, 4 eden (4M), 0 survivor (0M), 2 old (2M), 1 humongous (1M), 3 free (3M)
}
Event: 0.180 {heap After GC invocations=1 (full 0):
 garbage-first heap   total reserved 2048000K, committed 10240K, used 5223K [0x0000000083000000, 0x0000000100000000)
  region size 1M, 0 eden (0M), 1 survivor (1M), 4 old (4M), 1 humongous (1M), 4 free (4M)
}
Event: 0.191 {heap Before GC invocations=1 (full 0):
 garbage-first heap   total reserved 2048000K, committed 10240K, used 5223K [0x0000000083000000, 0x0000000100000000)
  region size 1M, 1 eden (1M), 1 survivor (1M), 4 old (4M), 1 humongous (1M), 3 free (3M)
}
Event: 0.194 {heap After GC invocations=2 (full 0):
 garbage-first heap   total reserved 2048000K, committed 10240K, used 5854K [0x0000000083000000, 0x0000000100000000)
  region size 1M, 0 eden (0M), 1 survivor (1M), 5 old (5M), 1 humongous (1M), 3 free (3M)
}
Event: 0.215 {heap Before GC invocations=3 (full 0):
 garbage-first heap   total reserved 2048000K, committed 10240K, used 5854K [0x0000000083000000, 0x0000000100000000)
  region size 1M, 1 eden (1M), 1 survivor (1M), 5 old (5M), 1 humongous (1M), 2 free (2M)
}
Event: 0.216 {heap After GC invocations=4 (full 0):
 garbage-first heap   total reserved 2048000K, committed 10240K, used 6525K [0x0000000083000000, 0x0000000100000000)
  region size 1M, 0 eden (0M), 1 survivor (1M), 6 old (6M), 1 humongous (1M), 2 free (2M)
}
Event: 0.246 {heap Before GC invocations=4 (full 0):
 garbage-first heap   total reserved 2048000K, committed 10240K, used 7549K [0x0000000083000000, 0x0000000100000000)
  region size 1M, 1 eden (1M), 1 survivor (1M), 6 old (6M), 1 humongous (1M), 1 free (1M)
}
Event: 0.248 {heap After GC invocations=5 (full 0):
 garbage-first heap   total reserved 2048000K, committed 33792K, used 6585K [0x0000000083000000, 0x0000000100000000)
  region size 1M, 0 eden (0M), 1 survivor (1M), 6 old (6M), 1 humongous (1M), 25 free (25M)
}
Event: 0.520 {heap Before GC invocations=5 (full 0):
 garbage-first heap   total reserved 2048000K, committed 33792K, used 15801K [0x0000000083000000, 0x0000000100000000)
  region size 1M, 10 eden (10M), 1 survivor (1M), 6 old (6M), 1 humongous (1M), 15 free (15M)
}
Event: 0.524 {heap After GC invocations=6 (full 0):
 garbage-first heap   total reserved 2048000K, committed 33792K, used 7827K [0x0000000083000000, 0x0000000100000000)
  region size 1M, 0 eden (0M), 2 survivor (2M), 6 old (6M), 1 humongous (1M), 24 free (24M)
}

