# JRE version: Java(TM) SE Runtime Environment (26.0.1+8) (build 26.0.1+8-34)
# Java VM: Java HotSpot(TM) 64-Bit Server VM (26.0.1+8-34, mixed mode, sharing, tiered, compressed oops, compressed class ptrs, g1 gc, windows-amd64)
GC Precious Log:
 CardTable entry size: 512
 Card Set container configuration: InlinePtr #cards 5 size 8 Array Of Cards #cards 10 size 36 Howl #buckets 4 coarsen threshold 1843 Howl Bitmap #cards 512 size 80 coarsen threshold 460 Card regions per heap region 1 cards per card region 2048
 CPUs: 8 total, 8 available
 Memory: 7998M
 Large Page Support: Disabled
 NUMA Support: Disabled
 Compressed Oops: Enabled (32-bit)
 Heap Region Size: 1M
 Heap Min Capacity: 8M
 Heap Initial Capacity: 8M
 Heap Max Capacity: 2000M
 Pre-touch: Disabled
 Parallel Workers: 8
 Concurrent Workers: 2
 Concurrent Refinement Workers: 8
 Periodic GC: Disabled
Heap:
 garbage-first heap   total reserved 2048000K, committed 34816K, used 15195K [0x0000000083000000, 0x0000000100000000)
  region size 1M, 0 eden (0M), 2 survivor (2M), 14 old (14M), 0 humongous (0M), 18 free (18M)
GC Heap Usage History (20 events):
Event: 0.449 {heap After GC invocations=4 (full 0):
 garbage-first heap   total reserved 2048000K, committed 19456K, used 3873K [0x0000000083000000, 0x0000000100000000)
  region size 1M, 0 eden (0M), 1 survivor (1M), 4 old (4M), 0 humongous (0M), 14 free (14M)
}
Event: 0.758 {heap Before GC invocations=4 (full 0):
 garbage-first heap   total reserved 2048000K, committed 19456K, used 11041K [0x0000000083000000, 0x0000000100000000)
  region size 1M, 8 eden (8M), 1 survivor (1M), 4 old (4M), 0 humongous (0M), 6 free (6M)
}
Event: 0.763 {heap After GC invocations=5 (full 0):
 garbage-first heap   total reserved 2048000K, committed 19456K, used 4379K [0x0000000083000000, 0x0000000100000000)
  region size 1M, 0 eden (0M), 2 survivor (2M), 4 old (4M), 0 humongous (0M), 13 free (13M)
}
Event: 0.927 {heap Before GC invocations=5 (full 0):
 garbage-first heap   total reserved 2048000K, committed 19456K, used 11547K [0x0000000083000000, 0x0000000100000000)
  region size 1M, 7 eden (7M), 2 survivor (2M), 4 old (4M), 0 humongous (0M), 6 free (6M)
}
Event: 0.931 {heap After GC invocations=6 (full 0):
 garbage-first heap   total reserved 2048000K, committed 19456K, used 4647K [0x0000000083000000, 0x0000000100000000)
  region size 1M, 0 eden (0M), 1 survivor (1M), 5 old (5M), 0 humongous (0M), 13 free (13M)
}
Event: 1.151 {heap Before GC invocations=6 (full 0):
 garbage-first heap   total reserved 2048000K, committed 19456K, used 12839K [0x0000000083000000, 0x0000000100000000)
  region size 1M, 8 eden (8M), 1 survivor (1M), 5 old (5M), 0 humongous (0M), 5 free (5M)
}
Event: 1.154 {heap After GC invocations=7 (full 0):
 garbage-first heap   total reserved 2048000K, committed 19456K, used 4861K [0x0000000083000000, 0x0000000100000000)
  region size 1M, 0 eden (0M), 1 survivor (1M), 5 old (5M), 0 humongous (0M), 13 free (13M)
}
Event: 1.387 {heap Before GC invocations=7 (full 0):
 garbage-first heap   total reserved 2048000K, committed 19456K, used 13053K [0x0000000083000000, 0x0000000100000000)
  region size 1M, 8 eden (8M), 1 survivor (1M), 5 old (5M), 0 humongous (0M), 5 free (5M)
}
Event: 1.390 {heap After GC invocations=8 (full 0):
 garbage-first heap   total reserved 2048000K, committed 19456K, used 5270K [0x0000000083000000, 0x0000000100000000)
  region size 1M, 0 eden (0M), 2 survivor (2M), 5 old (5M), 0 humongous (0M), 12 free (12M)
}
Event: 1.601 {heap Before GC invocations=8 (full 0):
 garbage-first heap   total reserved 2048000K, committed 19456K, used 13462K [0x0000000083000000, 0x0000000100000000)
  region size 1M, 8 eden (8M), 2 survivor (2M), 5 old (5M), 0 humongous (0M), 4 free (4M)
}
Event: 1.604 {heap After GC invocations=9 (full 0):
 garbage-first heap   total reserved 2048000K, committed 19456K, used 5608K [0x0000000083000000, 0x0000000100000000)
  region size 1M, 0 eden (0M), 2 survivor (2M), 5 old (5M), 0 humongous (0M), 12 free (12M)
}
Event: 1.829 {heap Before GC invocations=9 (full 0):
 garbage-first heap   total reserved 2048000K, committed 19456K, used 14824K [0x0000000083000000, 0x0000000100000000)
  region size 1M, 9 eden (9M), 2 survivor (2M), 5 old (5M), 0 humongous (0M), 3 free (3M)
}
Event: 1.833 {heap After GC invocations=10 (full 0):
 garbage-first heap   total reserved 2048000K, committed 34816K, used 6564K [0x0000000083000000, 0x0000000100000000)
  region size 1M, 0 eden (0M), 2 survivor (2M), 6 old (6M), 0 humongous (0M), 26 free (26M)
}
Event: 2.370 {heap Before GC invocations=10 (full 0):
 garbage-first heap   total reserved 2048000K, committed 34816K, used 24996K [0x0000000083000000, 0x0000000100000000)
  region size 1M, 18 eden (18M), 2 survivor (2M), 6 old (6M), 0 humongous (0M), 8 free (8M)
}
Event: 2.380 {heap After GC invocations=11 (full 0):
 garbage-first heap   total reserved 2048000K, committed 34816K, used 8339K [0x0000000083000000, 0x0000000100000000)
  region size 1M, 0 eden (0M), 3 survivor (3M), 6 old (6M), 0 humongous (0M), 25 free (25M)
}
Event: 2.769 {heap Before GC invocations=11 (full 0):
 garbage-first heap   total reserved 2048000K, committed 34816K, used 25747K [0x0000000083000000, 0x0000000100000000)
  region size 1M, 17 eden (17M), 3 survivor (3M), 6 old (6M), 0 humongous (0M), 8 free (8M)
}
Event: 2.779 {heap After GC invocations=12 (full 0):
 garbage-first heap   total reserved 2048000K, committed 34816K, used 10787K [0x0000000083000000, 0x0000000100000000)
  region size 1M, 0 eden (0M), 3 survivor (3M), 10 old (10M), 0 humongous (0M), 21 free (21M)
}
Event: 3.034 {heap Before GC invocations=12 (full 0):
 garbage-first heap   total reserved 2048000K, committed 34816K, used 26147K [0x0000000083000000, 0x0000000100000000)
  region size 1M, 15 eden (15M), 3 survivor (3M), 10 old (10M), 0 humongous (0M), 6 free (6M)
}
Event: 3.043 {heap After GC invocations=13 (full 0):
 garbage-first heap   total reserved 2048000K, committed 34816K, used 13401K [0x0000000083000000, 0x0000000100000000)
  region size 1M, 0 eden (0M), 3 survivor (3M), 12 old (12M), 0 humongous (0M), 19 free (19M)
}
Event: 3.482 {heap Before GC invocations=13 (full 0):
 garbage-first heap   total reserved 2048000K, committed 34816K, used 27737K [0x0000000083000000, 0x0000000100000000)
  region size 1M, 14 eden (14M), 3 survivor (3M), 12 old (12M), 0 humongous (0M), 5 free (5M)
}

